Build started 26/08/2015 10:36:56 PM.
     1>Project "C:\Game projects\SeanEngine\SeanEngine\SeanEngine\SeanEngine.vcxproj" on node 2 (Build target(s)).
     1>ClCompile:
         C:\Program Files (x86)\Microsoft Visual Studio 12.0\VC\bin\CL.exe /c /Zi /nologo /W3 /WX- /sdl /O2 /Oi /Oy- /GL /D _MBCS /Gm- /EHsc /MD /GS /Gy /fp:precise /Zc:wchar_t /Zc:forScope /Fo"Release\\" /Fd"Release\vc120.pdb" /Gd /TP /analyze- /errorReport:prompt GFX.cpp GSPlay.cpp Game.cpp GameHandler.cpp Main.cpp stateHandlerGen.cpp world.cpp
         GFX.cpp
     1>c:\game projects\seanengine\seanengine\seanengine\Utils.h(110): warning C4244: 'initializing' : conversion from 'double' to 'int', possible loss of data
         GSPlay.cpp
     1>c:\game projects\seanengine\seanengine\seanengine\Utils.h(110): warning C4244: 'initializing' : conversion from 'double' to 'int', possible loss of data
         Game.cpp
     1>c:\game projects\seanengine\seanengine\seanengine\Utils.h(110): warning C4244: 'initializing' : conversion from 'double' to 'int', possible loss of data
         GameHandler.cpp
     1>c:\game projects\seanengine\seanengine\seanengine\Utils.h(110): warning C4244: 'initializing' : conversion from 'double' to 'int', possible loss of data
     1>GameHandler.cpp(84): warning C4244: 'argument' : conversion from 'double' to 'float32', possible loss of data
     1>GameHandler.cpp(152): warning C4018: '>' : signed/unsigned mismatch
     1>GameHandler.cpp(156): warning C4018: '>' : signed/unsigned mismatch
         Main.cpp
     1>c:\game projects\seanengine\seanengine\seanengine\Utils.h(110): warning C4244: 'initializing' : conversion from 'double' to 'int', possible loss of data
         stateHandlerGen.cpp
     1>c:\game projects\seanengine\seanengine\seanengine\Utils.h(110): warning C4244: 'initializing' : conversion from 'double' to 'int', possible loss of data
         world.cpp
     1>c:\game projects\seanengine\seanengine\seanengine\Utils.h(110): warning C4244: 'initializing' : conversion from 'double' to 'int', possible loss of data
       Link:
         C:\Program Files (x86)\Microsoft Visual Studio 12.0\VC\bin\link.exe /ERRORREPORT:PROMPT /OUT:"C:\Game projects\SeanEngine\SeanEngine\Release\SeanEngine.exe" /NOLOGO SDL2.lib SDL2main.lib SDL2_image.lib SDL2_mixer.lib SDL2_ttf.lib opengl32.lib glfw3.lib glew32s.lib Box2D.lib SOIL.lib kernel32.lib user32.lib gdi32.lib winspool.lib comdlg32.lib advapi32.lib shell32.lib ole32.lib oleaut32.lib uuid.lib odbc32.lib odbccp32.lib /MANIFEST /MANIFESTUAC:"level='asInvoker' uiAccess='false'" /manifest:embed /DEBUG /PDB:"C:\Game projects\SeanEngine\SeanEngine\Release\SeanEngine.pdb" /SUBSYSTEM:CONSOLE /OPT:REF /OPT:ICF /LTCG /TLBID:1 /DYNAMICBASE /NXCOMPAT /IMPLIB:"C:\Game projects\SeanEngine\SeanEngine\Release\SeanEngine.lib" /MACHINE:X86 /SAFESEH Release\AssetLoader.obj
         Release\BodyLookup.obj
         Release\GameHandler.obj
         Release\DataLoader.obj
         Release\Game.obj
         Release\GFX.obj
         Release\Input.obj
         Release\I_Button.obj
         Release\I_PlayState.obj
         Release\JointLookup.obj
         Release\Main.obj
         Release\ResourceManager.obj
         Release\Rope.obj
         Release\SeanRect.obj
         Release\GSPlay.obj
         Release\Shader.obj
         Release\SPhysics.obj
         Release\stateHandlerGen.obj
         Release\Texture.obj
         Release\tinyxml2.obj
         Release\Vector.obj
         Release\world.obj
     1>SOIL.lib(SOIL.obj) : warning LNK4075: ignoring '/EDITANDCONTINUE' due to '/OPT:ICF' specification
     1>LINK : warning LNK4098: defaultlib 'LIBCMT' conflicts with use of other libs; use /NODEFAULTLIB:library
     1>LINK : warning LNK4098: defaultlib 'MSVCRTD' conflicts with use of other libs; use /NODEFAULTLIB:library
         Generating code
     1>c:\game projects\seanengine\seanengine\seanengine\assetloader.cpp(23): warning C4715: 'AssetLoader::load' : not all control paths return a value
         Finished generating code
     1>Texture.obj : warning LNK4049: locally defined symbol ___glewGenerateMipmap imported
     1>glew32s.lib(glew.obj) : warning LNK4099: PDB 'vc120.pdb' was not found with 'glew32s.lib(glew.obj)' or at 'C:\Game projects\SeanEngine\SeanEngine\Release\vc120.pdb'; linking object as if no debug info
     1>SOIL.lib(image_DXT.obj) : warning LNK4099: PDB 'vc120.pdb' was not found with 'SOIL.lib(image_DXT.obj)' or at 'C:\Game projects\SeanEngine\SeanEngine\Release\vc120.pdb'; linking object as if no debug info
     1>SOIL.lib(image_helper.obj) : warning LNK4099: PDB 'vc120.pdb' was not found with 'SOIL.lib(image_helper.obj)' or at 'C:\Game projects\SeanEngine\SeanEngine\Release\vc120.pdb'; linking object as if no debug info
     1>SOIL.lib(SOIL.obj) : warning LNK4099: PDB 'vc120.pdb' was not found with 'SOIL.lib(SOIL.obj)' or at 'C:\Game projects\SeanEngine\SeanEngine\Release\vc120.pdb'; linking object as if no debug info
     1>SOIL.lib(stb_image_aug.obj) : warning LNK4099: PDB 'vc120.pdb' was not found with 'SOIL.lib(stb_image_aug.obj)' or at 'C:\Game projects\SeanEngine\SeanEngine\Release\vc120.pdb'; linking object as if no debug info
         SeanEngine.vcxproj -> C:\Game projects\SeanEngine\SeanEngine\Release\SeanEngine.exe
     1>Done Building Project "C:\Game projects\SeanEngine\SeanEngine\SeanEngine\SeanEngine.vcxproj" (Build target(s)).

Build succeeded.

Time Elapsed 00:00:28.69
