c:\game projects\seanengine\seanengine\seanengine\debug\vc120.pdb
c:\game projects\seanengine\seanengine\seanengine\debug\vc120.idb
c:\game projects\seanengine\seanengine\seanengine\debug\gamehandler.obj
c:\game projects\seanengine\seanengine\seanengine\debug\gfx.obj
c:\game projects\seanengine\seanengine\seanengine\debug\shader.obj
c:\game projects\seanengine\seanengine\seanengine\debug\game.obj
c:\game projects\seanengine\seanengine\seanengine\debug\texture.obj
c:\game projects\seanengine\seanengine\seanengine\debug\resourcemanager.obj
c:\game projects\seanengine\seanengine\seanengine\debug\gsplay.obj
c:\game projects\seanengine\seanengine\seanengine\debug\main.obj
c:\game projects\seanengine\seanengine\seanengine\debug\world.obj
c:\game projects\seanengine\seanengine\seanengine\debug\statehandlergen.obj
c:\game projects\seanengine\seanengine\seanengine\debug\dataloader.obj
c:\game projects\seanengine\seanengine\seanengine\debug\i_button.obj
c:\game projects\seanengine\seanengine\seanengine\debug\i_playstate.obj
c:\game projects\seanengine\seanengine\seanengine\debug\input.obj
c:\game projects\seanengine\seanengine\seanengine\debug\sphysics.obj
c:\game projects\seanengine\seanengine\seanengine\debug\seanrect.obj
c:\game projects\seanengine\seanengine\seanengine\debug\vector.obj
c:\game projects\seanengine\seanengine\seanengine\debug\ropedata.obj
c:\game projects\seanengine\seanengine\seanengine\debug\entitylookup.obj
c:\game projects\seanengine\seanengine\seanengine\debug\rope.obj
c:\game projects\seanengine\seanengine\seanengine\debug\bodylookup.obj
c:\game projects\seanengine\seanengine\seanengine\debug\jointlookup.obj
c:\game projects\seanengine\seanengine\seanengine\debug\assetloader.obj
c:\game projects\seanengine\seanengine\seanengine\debug\tinyxml2.obj
c:\game projects\seanengine\seanengine\debug\seanengine.ilk
c:\game projects\seanengine\seanengine\debug\seanengine.exe
c:\game projects\seanengine\seanengine\debug\seanengine.pdb
c:\game projects\seanengine\seanengine\seanengine\debug\aimovementhandler.obj
c:\game projects\seanengine\seanengine\seanengine\debug\attackhandler.obj
c:\game projects\seanengine\seanengine\seanengine\debug\attackstate.obj
c:\game projects\seanengine\seanengine\seanengine\debug\deathstate.obj
c:\game projects\seanengine\seanengine\seanengine\debug\emitter.obj
c:\game projects\seanengine\seanengine\seanengine\debug\entity.obj
c:\game projects\seanengine\seanengine\seanengine\debug\entityai.obj
c:\game projects\seanengine\seanengine\seanengine\debug\entityphysics.obj
c:\game projects\seanengine\seanengine\seanengine\debug\entitystatehandler.obj
c:\game projects\seanengine\seanengine\seanengine\debug\e_general.obj
c:\game projects\seanengine\seanengine\seanengine\debug\firingstate.obj
c:\game projects\seanengine\seanengine\seanengine\debug\gfx_general.obj
c:\game projects\seanengine\seanengine\seanengine\debug\gfx_primitives.obj
c:\game projects\seanengine\seanengine\seanengine\debug\housemap.obj
c:\game projects\seanengine\seanengine\seanengine\debug\husbandmovementhandler.obj
c:\game projects\seanengine\seanengine\seanengine\debug\idlestate.obj
c:\game projects\seanengine\seanengine\seanengine\debug\inputcomp.obj
c:\game projects\seanengine\seanengine\seanengine\debug\i_game.obj
c:\game projects\seanengine\seanengine\seanengine\debug\i_player.obj
c:\game projects\seanengine\seanengine\seanengine\debug\mainentityhandler.obj
c:\game projects\seanengine\seanengine\seanengine\debug\map.obj
c:\game projects\seanengine\seanengine\seanengine\debug\maproom.obj
c:\game projects\seanengine\seanengine\seanengine\debug\movementhandler.obj
c:\game projects\seanengine\seanengine\seanengine\debug\movementhandler2.obj
c:\game projects\seanengine\seanengine\seanengine\debug\particle.obj
c:\game projects\seanengine\seanengine\seanengine\debug\playerhandler.obj
c:\game projects\seanengine\seanengine\seanengine\debug\playeridlestate.obj
c:\game projects\seanengine\seanengine\seanengine\debug\playerinput.obj
c:\game projects\seanengine\seanengine\seanengine\debug\playermovementhandler.obj
c:\game projects\seanengine\seanengine\seanengine\debug\playermovestate.obj
c:\game projects\seanengine\seanengine\seanengine\debug\playerspritehandler.obj
c:\game projects\seanengine\seanengine\seanengine\debug\projectile.obj
c:\game projects\seanengine\seanengine\seanengine\debug\protagentity.obj
c:\game projects\seanengine\seanengine\seanengine\debug\p_entity.obj
c:\game projects\seanengine\seanengine\seanengine\debug\p_gendynamic.obj
c:\game projects\seanengine\seanengine\seanengine\debug\p_particle.obj
c:\game projects\seanengine\seanengine\seanengine\debug\runstate.obj
c:\game projects\seanengine\seanengine\seanengine\debug\seanroom.obj
c:\game projects\seanengine\seanengine\seanengine\debug\sg_menu.obj
c:\game projects\seanengine\seanengine\seanengine\debug\statemanager.obj
c:\game projects\seanengine\seanengine\seanengine\debug\test.obj
c:\game projects\seanengine\seanengine\seanengine\debug\tile.obj
c:\game projects\seanengine\seanengine\seanengine\debug\weaponhandler.obj
c:\game projects\seanengine\seanengine\seanengine\debug\weaponinput.obj
c:\game projects\seanengine\seanengine\seanengine\debug\wifeai.obj
c:\game projects\seanengine\seanengine\seanengine\debug\wifehandler.obj
c:\game projects\seanengine\seanengine\seanengine\debug\wifephysics.obj
c:\game projects\seanengine\seanengine\seanengine\debug\seanengine.tlog\cl.command.1.tlog
c:\game projects\seanengine\seanengine\seanengine\debug\seanengine.tlog\cl.read.1.tlog
c:\game projects\seanengine\seanengine\seanengine\debug\seanengine.tlog\cl.write.1.tlog
c:\game projects\seanengine\seanengine\seanengine\debug\seanengine.tlog\link.command.1.tlog
c:\game projects\seanengine\seanengine\seanengine\debug\seanengine.tlog\link.read.1.tlog
c:\game projects\seanengine\seanengine\seanengine\debug\seanengine.tlog\link.write.1.tlog
