Build started 02/09/2015 1:15:20 PM.
     1>Project "C:\Game projects\SeanEngine\SeanEngine\SeanEngine\SeanEngine.vcxproj" on node 2 (Build target(s)).
     1>ClCompile:
         C:\Program Files (x86)\Microsoft Visual Studio 12.0\VC\bin\CL.exe /c /ZI /nologo /W3 /WX- /sdl /Od /Oy- /D _DEBUG /D _MBCS /Gm /EHsc /RTC1 /MDd /GS /fp:precise /Zc:wchar_t /Zc:forScope /Fo"Debug\\" /Fd"Debug\vc120.pdb" /Gd /TP /analyze- /errorReport:prompt GFX.cpp GSPlay.cpp Input.cpp world.cpp
         GSPlay.cpp
     1>c:\game projects\seanengine\seanengine\seanengine\utils.h(110): warning C4244: 'initializing' : conversion from 'double' to 'int', possible loss of data
         Generating Code...
     1>cl : Command line warning D9028: minimal rebuild failure, reverting to normal build
       Link:
         C:\Program Files (x86)\Microsoft Visual Studio 12.0\VC\bin\link.exe /ERRORREPORT:PROMPT /OUT:"C:\Game projects\SeanEngine\SeanEngine\Debug\SeanEngine.exe" /INCREMENTAL /NOLOGO SDL2.lib SDL2main.lib SDL2_image.lib SDL2_mixer.lib SDL2_ttf.lib opengl32.lib glfw3.lib glew32s.lib Box2D.lib SOIL.lib kernel32.lib user32.lib gdi32.lib winspool.lib comdlg32.lib advapi32.lib shell32.lib ole32.lib oleaut32.lib uuid.lib odbc32.lib odbccp32.lib /MANIFEST /MANIFESTUAC:"level='asInvoker' uiAccess='false'" /manifest:embed /DEBUG /PDB:"C:\Game projects\SeanEngine\SeanEngine\Debug\SeanEngine.pdb" /SUBSYSTEM:CONSOLE /TLBID:1 /DYNAMICBASE /NXCOMPAT /IMPLIB:"C:\Game projects\SeanEngine\SeanEngine\Debug\SeanEngine.lib" /MACHINE:X86 Debug\AssetLoader.obj
         Debug\BodyLookup.obj
         Debug\GameHandler.obj
         Debug\DataLoader.obj
         Debug\Game.obj
         Debug\GFX.obj
         Debug\Input.obj
         Debug\JointLookup.obj
         Debug\Main.obj
         Debug\ResourceManager.obj
         Debug\Rope.obj
         Debug\GSPlay.obj
         Debug\Shader.obj
         Debug\SPhysics.obj
         Debug\stateHandlerGen.obj
         Debug\Texture.obj
         Debug\tinyxml2.obj
         Debug\Vector.obj
         Debug\world.obj
     1>LINK : warning LNK4098: defaultlib 'LIBCMT' conflicts with use of other libs; use /NODEFAULTLIB:library
     1>MSVCRTD.lib(cinitexe.obj) : warning LNK4098: defaultlib 'msvcrt.lib' conflicts with use of other libs; use /NODEFAULTLIB:library
     1>Texture.obj : warning LNK4049: locally defined symbol ___glewGenerateMipmap imported
     1>glew32s.lib(glew.obj) : warning LNK4099: PDB 'vc120.pdb' was not found with 'glew32s.lib(glew.obj)' or at 'C:\Game projects\SeanEngine\SeanEngine\Debug\vc120.pdb'; linking object as if no debug info
     1>Box2D.lib(b2DistanceJoint.obj) : warning LNK4099: PDB 'vc120.pdb' was not found with 'Box2D.lib(b2DistanceJoint.obj)' or at 'C:\Game projects\SeanEngine\SeanEngine\Debug\vc120.pdb'; linking object as if no debug info
     1>Box2D.lib(b2FrictionJoint.obj) : warning LNK4099: PDB 'vc120.pdb' was not found with 'Box2D.lib(b2FrictionJoint.obj)' or at 'C:\Game projects\SeanEngine\SeanEngine\Debug\vc120.pdb'; linking object as if no debug info
     1>Box2D.lib(b2GearJoint.obj) : warning LNK4099: PDB 'vc120.pdb' was not found with 'Box2D.lib(b2GearJoint.obj)' or at 'C:\Game projects\SeanEngine\SeanEngine\Debug\vc120.pdb'; linking object as if no debug info
     1>Box2D.lib(b2Joint.obj) : warning LNK4099: PDB 'vc120.pdb' was not found with 'Box2D.lib(b2Joint.obj)' or at 'C:\Game projects\SeanEngine\SeanEngine\Debug\vc120.pdb'; linking object as if no debug info
     1>Box2D.lib(b2MotorJoint.obj) : warning LNK4099: PDB 'vc120.pdb' was not found with 'Box2D.lib(b2MotorJoint.obj)' or at 'C:\Game projects\SeanEngine\SeanEngine\Debug\vc120.pdb'; linking object as if no debug info
     1>Box2D.lib(b2MouseJoint.obj) : warning LNK4099: PDB 'vc120.pdb' was not found with 'Box2D.lib(b2MouseJoint.obj)' or at 'C:\Game projects\SeanEngine\SeanEngine\Debug\vc120.pdb'; linking object as if no debug info
     1>Box2D.lib(b2PrismaticJoint.obj) : warning LNK4099: PDB 'vc120.pdb' was not found with 'Box2D.lib(b2PrismaticJoint.obj)' or at 'C:\Game projects\SeanEngine\SeanEngine\Debug\vc120.pdb'; linking object as if no debug info
     1>Box2D.lib(b2PulleyJoint.obj) : warning LNK4099: PDB 'vc120.pdb' was not found with 'Box2D.lib(b2PulleyJoint.obj)' or at 'C:\Game projects\SeanEngine\SeanEngine\Debug\vc120.pdb'; linking object as if no debug info
     1>Box2D.lib(b2RevoluteJoint.obj) : warning LNK4099: PDB 'vc120.pdb' was not found with 'Box2D.lib(b2RevoluteJoint.obj)' or at 'C:\Game projects\SeanEngine\SeanEngine\Debug\vc120.pdb'; linking object as if no debug info
     1>Box2D.lib(b2RopeJoint.obj) : warning LNK4099: PDB 'vc120.pdb' was not found with 'Box2D.lib(b2RopeJoint.obj)' or at 'C:\Game projects\SeanEngine\SeanEngine\Debug\vc120.pdb'; linking object as if no debug info
     1>Box2D.lib(b2WeldJoint.obj) : warning LNK4099: PDB 'vc120.pdb' was not found with 'Box2D.lib(b2WeldJoint.obj)' or at 'C:\Game projects\SeanEngine\SeanEngine\Debug\vc120.pdb'; linking object as if no debug info
     1>Box2D.lib(b2WheelJoint.obj) : warning LNK4099: PDB 'vc120.pdb' was not found with 'Box2D.lib(b2WheelJoint.obj)' or at 'C:\Game projects\SeanEngine\SeanEngine\Debug\vc120.pdb'; linking object as if no debug info
     1>Box2D.lib(b2CircleContact.obj) : warning LNK4099: PDB 'vc120.pdb' was not found with 'Box2D.lib(b2CircleContact.obj)' or at 'C:\Game projects\SeanEngine\SeanEngine\Debug\vc120.pdb'; linking object as if no debug info
     1>Box2D.lib(b2Contact.obj) : warning LNK4099: PDB 'vc120.pdb' was not found with 'Box2D.lib(b2Contact.obj)' or at 'C:\Game projects\SeanEngine\SeanEngine\Debug\vc120.pdb'; linking object as if no debug info
     1>Box2D.lib(b2ContactSolver.obj) : warning LNK4099: PDB 'vc120.pdb' was not found with 'Box2D.lib(b2ContactSolver.obj)' or at 'C:\Game projects\SeanEngine\SeanEngine\Debug\vc120.pdb'; linking object as if no debug info
     1>Box2D.lib(b2PolygonAndCircleContact.obj) : warning LNK4099: PDB 'vc120.pdb' was not found with 'Box2D.lib(b2PolygonAndCircleContact.obj)' or at 'C:\Game projects\SeanEngine\SeanEngine\Debug\vc120.pdb'; linking object as if no debug info
     1>Box2D.lib(b2EdgeAndCircleContact.obj) : warning LNK4099: PDB 'vc120.pdb' was not found with 'Box2D.lib(b2EdgeAndCircleContact.obj)' or at 'C:\Game projects\SeanEngine\SeanEngine\Debug\vc120.pdb'; linking object as if no debug info
     1>Box2D.lib(b2EdgeAndPolygonContact.obj) : warning LNK4099: PDB 'vc120.pdb' was not found with 'Box2D.lib(b2EdgeAndPolygonContact.obj)' or at 'C:\Game projects\SeanEngine\SeanEngine\Debug\vc120.pdb'; linking object as if no debug info
     1>Box2D.lib(b2ChainAndCircleContact.obj) : warning LNK4099: PDB 'vc120.pdb' was not found with 'Box2D.lib(b2ChainAndCircleContact.obj)' or at 'C:\Game projects\SeanEngine\SeanEngine\Debug\vc120.pdb'; linking object as if no debug info
     1>Box2D.lib(b2ChainAndPolygonContact.obj) : warning LNK4099: PDB 'vc120.pdb' was not found with 'Box2D.lib(b2ChainAndPolygonContact.obj)' or at 'C:\Game projects\SeanEngine\SeanEngine\Debug\vc120.pdb'; linking object as if no debug info
     1>Box2D.lib(b2PolygonContact.obj) : warning LNK4099: PDB 'vc120.pdb' was not found with 'Box2D.lib(b2PolygonContact.obj)' or at 'C:\Game projects\SeanEngine\SeanEngine\Debug\vc120.pdb'; linking object as if no debug info
     1>Box2D.lib(b2Body.obj) : warning LNK4099: PDB 'vc120.pdb' was not found with 'Box2D.lib(b2Body.obj)' or at 'C:\Game projects\SeanEngine\SeanEngine\Debug\vc120.pdb'; linking object as if no debug info
     1>Box2D.lib(b2ContactManager.obj) : warning LNK4099: PDB 'vc120.pdb' was not found with 'Box2D.lib(b2ContactManager.obj)' or at 'C:\Game projects\SeanEngine\SeanEngine\Debug\vc120.pdb'; linking object as if no debug info
     1>Box2D.lib(b2Fixture.obj) : warning LNK4099: PDB 'vc120.pdb' was not found with 'Box2D.lib(b2Fixture.obj)' or at 'C:\Game projects\SeanEngine\SeanEngine\Debug\vc120.pdb'; linking object as if no debug info
     1>Box2D.lib(b2Island.obj) : warning LNK4099: PDB 'vc120.pdb' was not found with 'Box2D.lib(b2Island.obj)' or at 'C:\Game projects\SeanEngine\SeanEngine\Debug\vc120.pdb'; linking object as if no debug info
     1>Box2D.lib(b2World.obj) : warning LNK4099: PDB 'vc120.pdb' was not found with 'Box2D.lib(b2World.obj)' or at 'C:\Game projects\SeanEngine\SeanEngine\Debug\vc120.pdb'; linking object as if no debug info
     1>Box2D.lib(b2WorldCallbacks.obj) : warning LNK4099: PDB 'vc120.pdb' was not found with 'Box2D.lib(b2WorldCallbacks.obj)' or at 'C:\Game projects\SeanEngine\SeanEngine\Debug\vc120.pdb'; linking object as if no debug info
     1>Box2D.lib(b2BlockAllocator.obj) : warning LNK4099: PDB 'vc120.pdb' was not found with 'Box2D.lib(b2BlockAllocator.obj)' or at 'C:\Game projects\SeanEngine\SeanEngine\Debug\vc120.pdb'; linking object as if no debug info
     1>Box2D.lib(b2Draw.obj) : warning LNK4099: PDB 'vc120.pdb' was not found with 'Box2D.lib(b2Draw.obj)' or at 'C:\Game projects\SeanEngine\SeanEngine\Debug\vc120.pdb'; linking object as if no debug info
     1>Box2D.lib(b2Math.obj) : warning LNK4099: PDB 'vc120.pdb' was not found with 'Box2D.lib(b2Math.obj)' or at 'C:\Game projects\SeanEngine\SeanEngine\Debug\vc120.pdb'; linking object as if no debug info
     1>Box2D.lib(b2Settings.obj) : warning LNK4099: PDB 'vc120.pdb' was not found with 'Box2D.lib(b2Settings.obj)' or at 'C:\Game projects\SeanEngine\SeanEngine\Debug\vc120.pdb'; linking object as if no debug info
     1>Box2D.lib(b2StackAllocator.obj) : warning LNK4099: PDB 'vc120.pdb' was not found with 'Box2D.lib(b2StackAllocator.obj)' or at 'C:\Game projects\SeanEngine\SeanEngine\Debug\vc120.pdb'; linking object as if no debug info
     1>Box2D.lib(b2Timer.obj) : warning LNK4099: PDB 'vc120.pdb' was not found with 'Box2D.lib(b2Timer.obj)' or at 'C:\Game projects\SeanEngine\SeanEngine\Debug\vc120.pdb'; linking object as if no debug info
     1>Box2D.lib(b2EdgeShape.obj) : warning LNK4099: PDB 'vc120.pdb' was not found with 'Box2D.lib(b2EdgeShape.obj)' or at 'C:\Game projects\SeanEngine\SeanEngine\Debug\vc120.pdb'; linking object as if no debug info
     1>Box2D.lib(b2ChainShape.obj) : warning LNK4099: PDB 'vc120.pdb' was not found with 'Box2D.lib(b2ChainShape.obj)' or at 'C:\Game projects\SeanEngine\SeanEngine\Debug\vc120.pdb'; linking object as if no debug info
     1>Box2D.lib(b2PolygonShape.obj) : warning LNK4099: PDB 'vc120.pdb' was not found with 'Box2D.lib(b2PolygonShape.obj)' or at 'C:\Game projects\SeanEngine\SeanEngine\Debug\vc120.pdb'; linking object as if no debug info
     1>Box2D.lib(b2BroadPhase.obj) : warning LNK4099: PDB 'vc120.pdb' was not found with 'Box2D.lib(b2BroadPhase.obj)' or at 'C:\Game projects\SeanEngine\SeanEngine\Debug\vc120.pdb'; linking object as if no debug info
     1>Box2D.lib(b2CollideCircle.obj) : warning LNK4099: PDB 'vc120.pdb' was not found with 'Box2D.lib(b2CollideCircle.obj)' or at 'C:\Game projects\SeanEngine\SeanEngine\Debug\vc120.pdb'; linking object as if no debug info
     1>Box2D.lib(b2CollideEdge.obj) : warning LNK4099: PDB 'vc120.pdb' was not found with 'Box2D.lib(b2CollideEdge.obj)' or at 'C:\Game projects\SeanEngine\SeanEngine\Debug\vc120.pdb'; linking object as if no debug info
     1>Box2D.lib(b2CollidePolygon.obj) : warning LNK4099: PDB 'vc120.pdb' was not found with 'Box2D.lib(b2CollidePolygon.obj)' or at 'C:\Game projects\SeanEngine\SeanEngine\Debug\vc120.pdb'; linking object as if no debug info
     1>Box2D.lib(b2Collision.obj) : warning LNK4099: PDB 'vc120.pdb' was not found with 'Box2D.lib(b2Collision.obj)' or at 'C:\Game projects\SeanEngine\SeanEngine\Debug\vc120.pdb'; linking object as if no debug info
     1>Box2D.lib(b2Distance.obj) : warning LNK4099: PDB 'vc120.pdb' was not found with 'Box2D.lib(b2Distance.obj)' or at 'C:\Game projects\SeanEngine\SeanEngine\Debug\vc120.pdb'; linking object as if no debug info
     1>Box2D.lib(b2DynamicTree.obj) : warning LNK4099: PDB 'vc120.pdb' was not found with 'Box2D.lib(b2DynamicTree.obj)' or at 'C:\Game projects\SeanEngine\SeanEngine\Debug\vc120.pdb'; linking object as if no debug info
     1>Box2D.lib(b2TimeOfImpact.obj) : warning LNK4099: PDB 'vc120.pdb' was not found with 'Box2D.lib(b2TimeOfImpact.obj)' or at 'C:\Game projects\SeanEngine\SeanEngine\Debug\vc120.pdb'; linking object as if no debug info
     1>SOIL.lib(image_DXT.obj) : warning LNK4099: PDB 'vc120.pdb' was not found with 'SOIL.lib(image_DXT.obj)' or at 'C:\Game projects\SeanEngine\SeanEngine\Debug\vc120.pdb'; linking object as if no debug info
     1>SOIL.lib(image_helper.obj) : warning LNK4099: PDB 'vc120.pdb' was not found with 'SOIL.lib(image_helper.obj)' or at 'C:\Game projects\SeanEngine\SeanEngine\Debug\vc120.pdb'; linking object as if no debug info
     1>SOIL.lib(SOIL.obj) : warning LNK4099: PDB 'vc120.pdb' was not found with 'SOIL.lib(SOIL.obj)' or at 'C:\Game projects\SeanEngine\SeanEngine\Debug\vc120.pdb'; linking object as if no debug info
     1>SOIL.lib(stb_image_aug.obj) : warning LNK4099: PDB 'vc120.pdb' was not found with 'SOIL.lib(stb_image_aug.obj)' or at 'C:\Game projects\SeanEngine\SeanEngine\Debug\vc120.pdb'; linking object as if no debug info
         SeanEngine.vcxproj -> C:\Game projects\SeanEngine\SeanEngine\Debug\SeanEngine.exe
     1>Done Building Project "C:\Game projects\SeanEngine\SeanEngine\SeanEngine\SeanEngine.vcxproj" (Build target(s)).

Build succeeded.

Time Elapsed 00:00:05.90
